#
# A fatal error has been detected by the Java Runtime Environment:
#
#  EXCEPTION_ACCESS_VIOLATION (0xc0000005) at pc=0x000000007576e37e, pid=6476, tid=6252
#
# JRE version: 6.0_17-b04
# Java VM: Java HotSpot(TM) 64-Bit Server VM (14.3-b01 mixed mode windows-amd64 )
# Problematic frame:
# C  [jmi.dll+0x5e37e]
#
# If you would like to submit a bug report, please visit:
#   http://java.sun.com/webapps/bugreport/crash.jsp
# The crash happened outside the Java Virtual Machine in native code.
# See problematic frame for where to report the bug.
#

---------------  T H R E A D  ---------------

Current thread (0x000000000f6ad800):  JavaThread "AddressBar directory emptiness poller" [_thread_in_native, id=6252, stack(0x000000005fbc0000,0x000000005fc40000)]

siginfo: ExceptionCode=0xc0000005, reading address 0xffffffffffffffff

Registers:
EAX=0x0000a2c80000a2c4, EBX=0x000000005fc3f050, ECX=0x000000005d0325a8, EDX=0x000000005fc3f050
ESP=0x000000005fc3eff0, EBP=0x000000005fc3f290, ESI=0x0000000000000000, EDI=0x000000005d0325a8
EIP=0x000000007576e37e, EFLAGS=0x0000000000010206

Top of Stack: (sp=0x000000005fc3eff0)
0x000000005fc3eff0:   000000005d003b90 000000005fc3f170
0x000000005fc3f000:   fffffffffffffffe 0000000000000000
0x000000005fc3f010:   0000000000000001 000000007b74b100
0x000000005fc3f020:   000000005d0325a8 000000007576ebc8
0x000000005fc3f030:   00000000ffffffff 000000000fbb71a0
0x000000005fc3f040:   0000000000000000 00000000600444cf
0x000000005fc3f050:   000000005fc3f130 000000005fc3f260
0x000000005fc3f060:   0000000070c73d70 000000005fc3f260
0x000000005fc3f070:   00000000ffffffff 000000005cff2528
0x000000005fc3f080:   000000005fc3f0f8 0000000000000001
0x000000005fc3f090:   000000005d031ed0 0000000000000001
0x000000005fc3f0a0:   000000000f6ad9b8 000000005cff28d7
0x000000005fc3f0b0:   0064656c00000000 fffffffffffffffe
0x000000005fc3f0c0:   0000000000000000 000000000000000f
0x000000005fc3f0d0:   ffffffffffffff00 0000000007791a50
0x000000005fc3f0e0:   0000000000000000 0000000000000000 

Instructions: (pc=0x000000007576e37e)
0x000000007576e36e:   4d 8b d8 48 8b da 49 8b 41 08 48 8b f9 41 b0 01
0x000000007576e37e:   80 78 21 00 75 2b 4d 8b 13 66 0f 1f 84 00 00 00 


Stack: [0x000000005fbc0000,0x000000005fc40000],  sp=0x000000005fc3eff0,  free space=507k
Native frames: (J=compiled Java code, j=interpreted, Vv=VM code, C=native code)
C  [jmi.dll+0x5e37e]
j  com.mathworks.services.settings.Setting.getInternal(ZLcom/mathworks/services/settings/SettingLevel;)Ljava/lang/Object;+230

Java frames: (J=compiled Java code, j=interpreted, Vv=VM code)
J  com.mathworks.services.settings.Setting.nativeGet(J[Ljava/lang/String;Ljava/lang/String;Ljava/lang/String;)Lcom/mathworks/services/settings/SettingInfo;
j  com.mathworks.services.settings.Setting.getInternal(ZLcom/mathworks/services/settings/SettingLevel;)Ljava/lang/Object;+230
J  com.mathworks.mlwidgets.explorer.widgets.address.AddressBar$EmptyPoller$1.run()V
J  java.util.TimerThread.mainLoop()V
j  java.util.TimerThread.run()V+1
v  ~StubRoutines::call_stub

---------------  P R O C E S S  ---------------

Java Threads: ( => current thread )
  0x00000000773a8800 JavaThread "Code Analyzer updating thread" [_thread_blocked, id=5444, stack(0x000000001c8c0000,0x000000001c940000)]
  0x00000000773aa000 JavaThread "pool-5-thread-1" [_thread_blocked, id=14380, stack(0x000000001c940000,0x000000001c9c0000)]
  0x00000000773aa800 JavaThread "Code Analyzer updating thread" [_thread_blocked, id=5164, stack(0x000000001c600000,0x000000001c680000)]
  0x00000000773a9000 JavaThread "Swing-Shell" daemon [_thread_blocked, id=14752, stack(0x000000001c680000,0x000000001c700000)]
  0x00000000773a2800 JavaThread "pool-1-thread-1" [_thread_blocked, id=16392, stack(0x0000000018e50000,0x0000000018ed0000)]
  0x00000000773af800 JavaThread "Prefs Updater" daemon [_thread_blocked, id=18364, stack(0x0000000008160000,0x00000000081e0000)]
  0x00000000773a0800 JavaThread "Foxtrot Single Worker Thread #1" daemon [_thread_blocked, id=15816, stack(0x00000000081e0000,0x0000000008260000)]
  0x00000000773ae000 JavaThread "Code Analyzer updating thread" [_thread_blocked, id=4956, stack(0x0000000072850000,0x00000000728d0000)]
  0x00000000773ac000 JavaThread "Code Analyzer updating thread" [_thread_blocked, id=13584, stack(0x00000000725c0000,0x0000000072640000)]
  0x00000000773ad800 JavaThread "Code Analyzer updating thread" [_thread_blocked, id=18568, stack(0x0000000072540000,0x00000000725c0000)]
  0x00000000773a7000 JavaThread "Code Analyzer updating thread" [_thread_blocked, id=7444, stack(0x00000000724c0000,0x0000000072540000)]
  0x00000000773a2000 JavaThread "Code Analyzer updating thread" [_thread_blocked, id=17976, stack(0x0000000072440000,0x00000000724c0000)]
  0x00000000773ac800 JavaThread "Code Analyzer updating thread" [_thread_blocked, id=3924, stack(0x00000000722c0000,0x0000000072340000)]
  0x00000000773a5800 JavaThread "Code Analyzer updating thread" [_thread_blocked, id=5732, stack(0x0000000072240000,0x00000000722c0000)]
  0x00000000773a5000 JavaThread "Code Analyzer updating thread" [_thread_blocked, id=4204, stack(0x00000000721c0000,0x0000000072240000)]
  0x00000000773a6000 JavaThread "Code Analyzer updating thread" [_thread_blocked, id=4860, stack(0x0000000072140000,0x00000000721c0000)]
  0x00000000773a1000 JavaThread "Active Reference Queue Daemon" daemon [_thread_blocked, id=9636, stack(0x00000000720c0000,0x0000000072140000)]
  0x00000000773a7800 JavaThread "Timer-7" daemon [_thread_blocked, id=5400, stack(0x000000005feb0000,0x000000005ff30000)]
  0x000000000f6a7800 JavaThread "Timer-6" daemon [_thread_blocked, id=7404, stack(0x000000005fdc0000,0x000000005fe40000)]
  0x000000000f6a8800 JavaThread "Explorer NavigationContext request queue" [_thread_blocked, id=9036, stack(0x000000005fd40000,0x000000005fdc0000)]
=>0x000000000f6ad800 JavaThread "AddressBar directory emptiness poller" [_thread_in_native, id=6252, stack(0x000000005fbc0000,0x000000005fc40000)]
  0x000000000f6a7000 JavaThread "Explorer Refresh Service 1724881904" [_thread_blocked, id=17748, stack(0x000000005fae0000,0x000000005fb60000)]
  0x000000000f6ac000 JavaThread "Timer-1" daemon [_thread_blocked, id=17512, stack(0x000000005f880000,0x000000005f900000)]
  0x000000000f6aa800 JavaThread "TimerQueue" daemon [_thread_blocked, id=18760, stack(0x000000005cf20000,0x000000005cfa0000)]
  0x000000000f6aa000 JavaThread "Thread-5" daemon [_thread_blocked, id=7572, stack(0x000000005c3d0000,0x000000005c450000)]
  0x000000000f6ab000 JavaThread "FelixPackageAdmin" daemon [_thread_blocked, id=9568, stack(0x000000005c550000,0x000000005c5d0000)]
  0x000000000f689000 JavaThread "FelixStartLevel" daemon [_thread_blocked, id=13064, stack(0x000000005c4d0000,0x000000005c550000)]
  0x000000000f46c800 JavaThread "FelixDispatchQueue" daemon [_thread_blocked, id=3360, stack(0x000000005c450000,0x000000005c4d0000)]
  0x000000000f46e800 JavaThread "AWT-EventQueue-0" [_thread_blocked, id=12824, stack(0x000000005c350000,0x000000005c3d0000)]
  0x000000000f336000 JavaThread "com.google.common.base.internal.Finalizer" daemon [_thread_blocked, id=8804, stack(0x000000005c2d0000,0x000000005c350000)]
  0x000000000e4d5000 JavaThread "AWT-Windows" daemon [_thread_in_native, id=7012, stack(0x000000000ff40000,0x000000000ffc0000)]
  0x000000000e4d4000 JavaThread "AWT-Shutdown" [_thread_blocked, id=16884, stack(0x000000000fec0000,0x000000000ff40000)]
  0x000000000e4d3800 JavaThread "Java2D Disposer" daemon [_thread_blocked, id=17172, stack(0x000000000fe40000,0x000000000fec0000)]
  0x000000000f050800 JavaThread "Timer-0" [_thread_blocked, id=2012, stack(0x000000000fdb0000,0x000000000fe30000)]
  0x000000000ee9e000 JavaThread "EventMgr Dispatcher" daemon [_thread_in_native, id=14516, stack(0x0000000008570000,0x000000000c570000)]
  0x000000000df19000 JavaThread "Low Memory Detector" daemon [_thread_blocked, id=2856, stack(0x000000000e150000,0x000000000e1d0000)]
  0x000000000df0d000 JavaThread "CompilerThread1" daemon [_thread_blocked, id=13352, stack(0x000000008c000000,0x0000000090000000)]
  0x000000000df0c000 JavaThread "CompilerThread0" daemon [_thread_blocked, id=12180, stack(0x0000000088000000,0x000000008c000000)]
  0x000000000df0b000 JavaThread "Attach Listener" daemon [_thread_blocked, id=10164, stack(0x000000000e0d0000,0x000000000e150000)]
  0x000000000ded5800 JavaThread "Finalizer" daemon [_thread_blocked, id=6160, stack(0x000000000e050000,0x000000000e0d0000)]
  0x000000000ded5000 JavaThread "Reference Handler" daemon [_thread_blocked, id=18716, stack(0x000000000dfd0000,0x000000000e050000)]
  0x000000000c583000 JavaThread "main" [_thread_in_native, id=15896, stack(0x00000000002a0000,0x00000000042a0000)]

Other Threads:
  0x000000000c662800 VMThread [stack: 0x0000000084000000,0x0000000088000000] [id=11096]
  0x000000000df43800 WatcherThread [stack: 0x0000000090000000,0x0000000094000000] [id=3692]

VM state:not at safepoint (normal execution)

VM Mutex/Monitor currently owned by a thread: None

Heap
 PSYoungGen      total 14912K, used 13808K [0x0000000051150000, 0x0000000052230000, 0x0000000054250000)
  eden space 12800K, 96% used [0x0000000051150000,0x0000000051d52858,0x0000000051dd0000)
  from space 2112K, 71% used [0x0000000052020000,0x0000000052199b58,0x0000000052230000)
  to   space 2240K, 0% used [0x0000000051dd0000,0x0000000051dd0000,0x0000000052000000)
 PSOldGen        total 96448K, used 91701K [0x0000000047e50000, 0x000000004dc80000, 0x0000000051150000)
  object space 96448K, 95% used [0x0000000047e50000,0x000000004d7dd440,0x000000004dc80000)
 PSPermGen       total 118016K, used 67114K [0x000000003fe50000, 0x0000000047190000, 0x0000000047e50000)
  object space 118016K, 56% used [0x000000003fe50000,0x0000000043fda810,0x0000000047190000)

Dynamic libraries:
0x000007f735460000 - 0x000007f73548d000 	C:\Program Files\MATLAB\R2012b\bin\win64\MATLAB.exe
0x000007fce4740000 - 0x000007fce48fe000 	C:\WINDOWS\SYSTEM32\ntdll.dll
0x000007fce1e30000 - 0x000007fce1f66000 	C:\WINDOWS\system32\KERNEL32.DLL
0x000007fce1950000 - 0x000007fce1a43000 	C:\WINDOWS\system32\KERNELBASE.dll
0x0000000074460000 - 0x000000007451f000 	C:\Program Files\MATLAB\R2012b\bin\win64\libut.dll
0x0000000180000000 - 0x00000001802dc000 	C:\Program Files\MATLAB\R2012b\bin\win64\libmwservices.dll
0x0000000074970000 - 0x0000000074a31000 	C:\Program Files\MATLAB\R2012b\bin\win64\mcr.dll
0x0000000060040000 - 0x0000000060113000 	C:\WINDOWS\WinSxS\amd64_microsoft.vc90.crt_1fc8b3b9a1e18e3b_9.0.30729.6871_none_08e717a5a83adddf\MSVCP90.dll
0x000000005ff90000 - 0x0000000060033000 	C:\WINDOWS\WinSxS\amd64_microsoft.vc90.crt_1fc8b3b9a1e18e3b_9.0.30729.6871_none_08e717a5a83adddf\MSVCR90.dll
0x00000000758a0000 - 0x000000007595c000 	C:\Program Files\MATLAB\R2012b\bin\win64\libmwi18n.dll
0x0000000073f70000 - 0x000000007411d000 	C:\Program Files\MATLAB\R2012b\bin\win64\libmwfl.dll
0x000000007a3b0000 - 0x000000007a3c0000 	C:\Program Files\MATLAB\R2012b\bin\win64\boost_date_time-vc90-mt-1_44.dll
0x000000007a560000 - 0x000000007a569000 	C:\Program Files\MATLAB\R2012b\bin\win64\boost_system-vc90-mt-1_44.dll
0x000000007a2d0000 - 0x000000007a2e2000 	C:\Program Files\MATLAB\R2012b\bin\win64\boost_thread-vc90-mt-1_44.dll
0x0000000004530000 - 0x00000000045ed000 	C:\Program Files\MATLAB\R2012b\bin\win64\boost_log-vc90-mt-1_44.dll
0x000000005f580000 - 0x000000005f6f1000 	C:\Program Files\MATLAB\R2012b\bin\win64\icuuc44.dll
0x000000005f560000 - 0x000000005f573000 	C:\Program Files\MATLAB\R2012b\bin\win64\icuio44.dll
0x00000000043c0000 - 0x0000000004406000 	C:\Program Files\MATLAB\R2012b\bin\win64\tbb.dll
0x000007fce4330000 - 0x000007fce4337000 	C:\WINDOWS\system32\PSAPI.DLL
0x000007fccf6f0000 - 0x000007fccf853000 	C:\WINDOWS\SYSTEM32\dbghelp.dll
0x000007fce1f70000 - 0x000007fce204e000 	C:\WINDOWS\system32\ADVAPI32.dll
0x000007fce3850000 - 0x000007fce399c000 	C:\WINDOWS\system32\USER32.dll
0x0000000075a20000 - 0x0000000075af3000 	C:\Program Files\MATLAB\R2012b\bin\win64\libmx.dll
0x00000000045f0000 - 0x000000000463d000 	C:\Program Files\MATLAB\R2012b\bin\win64\libmwregexp.dll
0x0000000004640000 - 0x0000000004663000 	C:\Program Files\MATLAB\R2012b\bin\win64\libmwmfl_scalar.dll
0x0000000075f10000 - 0x0000000075f60000 	C:\Program Files\MATLAB\R2012b\bin\win64\mpath.dll
0x000000007b680000 - 0x000000007bc9a000 	C:\Program Files\MATLAB\R2012b\bin\win64\mlutil.dll
0x0000000004670000 - 0x0000000004a26000 	C:\Program Files\MATLAB\R2012b\bin\win64\libmwMATLAB_res.dll
0x0000000004a30000 - 0x0000000004a50000 	C:\Program Files\MATLAB\R2012b\bin\win64\libmwMATLAB_settings_res.dll
0x000000007a170000 - 0x000000007a19c000 	C:\Program Files\MATLAB\R2012b\bin\win64\boost_filesystem-vc90-mt-1_44.dll
0x0000000004a50000 - 0x0000000004a97000 	C:\Program Files\MATLAB\R2012b\bin\win64\boost_serialization-vc90-mt-1_44.dll
0x000007fce1a80000 - 0x000007fce1b24000 	C:\WINDOWS\WinSxS\amd64_microsoft.windows.common-controls_6595b64144ccf1df_5.82.9200.16384_none_7762d5fd3178b04e\COMCTL32.dll
0x000007fce4690000 - 0x000007fce4731000 	C:\WINDOWS\system32\COMDLG32.dll
0x000007fcdfb70000 - 0x000007fcdfb85000 	C:\WINDOWS\SYSTEM32\NETAPI32.dll
0x000007fce3cc0000 - 0x000007fce3d18000 	C:\WINDOWS\system32\WS2_32.dll
0x0000000004aa0000 - 0x0000000004cf3000 	C:\Program Files\MATLAB\R2012b\bin\win64\xerces-c_2_7.dll
0x000007fce2520000 - 0x000007fce37fe000 	C:\WINDOWS\system32\SHELL32.dll
0x000007fce4340000 - 0x000007fce44be000 	C:\WINDOWS\system32\ole32.dll
0x000007fce40e0000 - 0x000007fce41a3000 	C:\WINDOWS\system32\OLEAUT32.dll
0x0000000075000000 - 0x00000000753e9000 	C:\Program Files\MATLAB\R2012b\bin\win64\iqm.dll
0x0000000079fb0000 - 0x0000000079fe6000 	C:\Program Files\MATLAB\R2012b\bin\win64\libmwbridge.dll
0x000000005f530000 - 0x000000005f557000 	C:\Program Files\MATLAB\R2012b\bin\win64\libmex.dll
0x0000000074e80000 - 0x0000000074f38000 	C:\Program Files\MATLAB\R2012b\bin\win64\m_dispatcher.dll
0x000007fcc44c0000 - 0x000007fcc4756000 	C:\Program Files\MATLAB\R2012b\bin\win64\mcos.dll
0x000000005f3d0000 - 0x000000005f522000 	C:\Program Files\MATLAB\R2012b\bin\win64\libmwgui.dll
0x000000005e970000 - 0x000000005f3cf000 	C:\Program Files\MATLAB\R2012b\bin\win64\hg.dll
0x000000005e850000 - 0x000000005e96f000 	C:\Program Files\MATLAB\R2012b\bin\win64\hgutils.dll
0x000007fcbe0a0000 - 0x000007fcbe911000 	C:\Program Files\MATLAB\R2012b\bin\win64\m_interpreter.dll
0x0000000075710000 - 0x00000000757de000 	C:\Program Files\MATLAB\R2012b\bin\win64\jmi.dll
0x000000005e790000 - 0x000000005e850000 	C:\Program Files\MATLAB\R2012b\bin\win64\udd_mi.dll
0x0000000004d00000 - 0x0000000004fd1000 	C:\Program Files\MATLAB\R2012b\bin\win64\uiw.dll
0x000000005e760000 - 0x000000005e782000 	C:\Program Files\MATLAB\R2012b\bin\win64\mwoles05.DLL
0x000000005e6e0000 - 0x000000005e75d000 	C:\Program Files\MATLAB\R2012b\bin\win64\comcli.dll
0x000000005e6d0000 - 0x000000005e6dc000 	C:\Program Files\MATLAB\R2012b\bin\win64\mlautoregister.dll
0x0000000004fe0000 - 0x0000000004ff0000 	C:\Program Files\MATLAB\R2012b\bin\win64\boost_iostreams-vc90-mt-1_44.dll
0x000007fce1cf0000 - 0x000007fce1e30000 	C:\WINDOWS\system32\GDI32.dll
0x0000000005000000 - 0x000000000500b000 	C:\Program Files\MATLAB\R2012b\bin\win64\libmwresource_core.dll
0x000000007a010000 - 0x000000007a035000 	C:\Program Files\MATLAB\R2012b\bin\win64\LIBEXPAT.dll
0x000000005e4d0000 - 0x000000005e6c1000 	C:\Program Files\MATLAB\R2012b\bin\win64\icuin44.dll
0x000000007a250000 - 0x000000007a263000 	C:\Program Files\MATLAB\R2012b\bin\win64\boost_signals-vc90-mt-1_44.dll
0x000007fce2350000 - 0x000007fce2364000 	C:\WINDOWS\system32\imagehlp.dll
0x0000000010000000 - 0x0000000010e41000 	C:\Program Files\MATLAB\R2012b\bin\win64\icudt44.dll
0x000007fce39a0000 - 0x000007fce3a45000 	C:\WINDOWS\system32\msvcrt.dll
0x000007fce3d20000 - 0x000007fce3d68000 	C:\WINDOWS\SYSTEM32\sechost.dll
0x000007fce3d70000 - 0x000007fce3eb0000 	C:\WINDOWS\system32\RPCRT4.dll
0x00000000050a0000 - 0x00000000050c9000 	C:\Program Files\MATLAB\R2012b\bin\win64\tbbmalloc.dll
0x000000007a210000 - 0x000000007a228000 	C:\Program Files\MATLAB\R2012b\bin\win64\zlib1.dll
0x00000000754d0000 - 0x0000000075551000 	C:\Program Files\MATLAB\R2012b\bin\win64\xmlcore.dll
0x000007fce3800000 - 0x000007fce3850000 	C:\WINDOWS\system32\SHLWAPI.dll
0x000007fce0560000 - 0x000007fce056e000 	C:\WINDOWS\SYSTEM32\netutils.dll
0x000007fce1050000 - 0x000007fce1074000 	C:\WINDOWS\SYSTEM32\srvcli.dll
0x000007fcdf4a0000 - 0x000007fcdf4b5000 	C:\WINDOWS\SYSTEM32\wkscli.dll
0x000007fce3c10000 - 0x000007fce3c19000 	C:\WINDOWS\system32\NSI.dll
0x000007fce2370000 - 0x000007fce2520000 	C:\WINDOWS\SYSTEM32\combase.dll
0x000000005e400000 - 0x000000005e4c8000 	C:\Program Files\MATLAB\R2012b\bin\win64\udd.dll
0x0000000074880000 - 0x000000007496d000 	C:\Program Files\MATLAB\R2012b\bin\win64\boost_regex-vc90-mt-1_44.dll
0x000000005e3e0000 - 0x000000005e3f7000 	C:\Program Files\MATLAB\R2012b\bin\win64\graphics_util.dll
0x0000000076100000 - 0x0000000076168000 	C:\Program Files\MATLAB\R2012b\bin\win64\libmat.dll
0x000000005e390000 - 0x000000005e3d6000 	C:\Program Files\MATLAB\R2012b\bin\win64\libmwhardcopy.dll
0x000000005e320000 - 0x000000005e383000 	C:\Program Files\MATLAB\R2012b\bin\win64\libuij.dll
0x000000005e0b0000 - 0x000000005e314000 	C:\Program Files\MATLAB\R2012b\bin\win64\hgdatatypes.dll
0x00000000051d0000 - 0x0000000005255000 	C:\Program Files\MATLAB\R2012b\bin\win64\libmwlapack.dll
0x0000000005260000 - 0x000000000529b000 	C:\Program Files\MATLAB\R2012b\bin\win64\libmwgbtutils.dll
0x00000000052a0000 - 0x00000000052bb000 	C:\Program Files\MATLAB\R2012b\bin\win64\libmwgbt.dll
0x000000005dbc0000 - 0x000000005e0a4000 	C:\WINDOWS\WinSxS\amd64_microsoft.vc90.mfc_1fc8b3b9a1e18e3b_9.0.30729.6161_none_044aad0bab1eb146\mfc90.dll
0x000007fcde290000 - 0x000007fcde30d000 	C:\WINDOWS\SYSTEM32\WINSPOOL.DRV
0x000000005db30000 - 0x000000005dbb4000 	C:\Program Files\MATLAB\R2012b\bin\win64\profiler.dll
0x00000000052e0000 - 0x000000000554a000 	C:\Program Files\MATLAB\R2012b\bin\win64\libmwmathutil.dll
0x0000000079f40000 - 0x0000000079f6e000 	C:\Program Files\MATLAB\R2012b\bin\win64\libmwmathrng.dll
0x000000005db00000 - 0x000000005db21000 	C:\Program Files\MATLAB\R2012b\bin\win64\m_pcodeio.dll
0x0000000079b10000 - 0x0000000079b77000 	C:\Program Files\MATLAB\R2012b\bin\win64\m_ir.dll
0x000000005d490000 - 0x000000005db00000 	C:\Program Files\MATLAB\R2012b\bin\win64\m_parser.dll
0x000000005d450000 - 0x000000005d481000 	C:\Program Files\MATLAB\R2012b\bin\win64\m_pcodegen.dll
0x0000000005550000 - 0x00000000055ba000 	C:\Program Files\MATLAB\R2012b\bin\win64\libmwspmatrix.dll
0x00000000055d0000 - 0x00000000055dd000 	C:\Program Files\MATLAB\R2012b\bin\win64\nativejava_services.dll
0x000000005d440000 - 0x000000005d44f000 	C:\Program Files\MATLAB\R2012b\bin\win64\uinone.dll
0x0000000005600000 - 0x0000000005629000 	C:\Program Files\MATLAB\R2012b\bin\win64\libmwnativefiledialogs.dll
0x000007fcd8e70000 - 0x000007fcd8e87000 	C:\WINDOWS\SYSTEM32\MPR.dll
0x000000005ff60000 - 0x000000005ff8f000 	C:\WINDOWS\WinSxS\amd64_microsoft.vc90.atl_1fc8b3b9a1e18e3b_9.0.30729.6161_none_0a1fd3a3a768b895\ATL90.DLL
0x0000000072d30000 - 0x0000000072f44000 	C:\Program Files\MATLAB\R2012b\bin\win64\hdf5dll.dll
0x000000007a310000 - 0x000000007a321000 	C:\Program Files\MATLAB\R2012b\bin\win64\libmwbinder.dll
0x000000007a4d0000 - 0x000000007a4dc000 	C:\Program Files\MATLAB\R2012b\bin\win64\libmwompwrapper.dll
0x000007fcdfcb0000 - 0x000007fcdfcb7000 	C:\WINDOWS\SYSTEM32\MSIMG32.dll
0x00000000057b0000 - 0x00000000057c2000 	C:\Program Files\MATLAB\R2012b\bin\win64\libmwmfl_rng.dll
0x0000000074c10000 - 0x0000000074cee000 	C:\Program Files\MATLAB\R2012b\bin\win64\libmwmathcore.dll
0x000000005d420000 - 0x000000005d43a000 	C:\Program Files\MATLAB\R2012b\bin\win64\ir_xfmr.dll
0x000000005d400000 - 0x000000005d411000 	C:\Program Files\MATLAB\R2012b\bin\win64\mtok.dll
0x0000000005850000 - 0x0000000005858000 	C:\Program Files\MATLAB\R2012b\bin\win64\libmwplatform_res.dll
0x000007fce06c0000 - 0x000007fce0756000 	C:\WINDOWS\SYSTEM32\SHCORE.DLL
0x0000000075ea0000 - 0x0000000075f02000 	C:\Program Files\MATLAB\R2012b\bin\win64\libmwcholmod.dll
0x000000007a460000 - 0x000000007a46d000 	C:\Program Files\MATLAB\R2012b\bin\win64\libmwamd.dll
0x000000007a4b0000 - 0x000000007a4bc000 	C:\Program Files\MATLAB\R2012b\bin\win64\libmwcolamd.dll
0x000000007a290000 - 0x000000007a2a9000 	C:\Program Files\MATLAB\R2012b\bin\win64\libmwblas.dll
0x000007fce3bd0000 - 0x000007fce3c09000 	C:\WINDOWS\system32\IMM32.DLL
0x000007fce4210000 - 0x000007fce4325000 	C:\WINDOWS\system32\MSCTF.dll
0x000007fce00e0000 - 0x000007fce01c6000 	C:\WINDOWS\system32\UxTheme.dll
0x000007fcdf720000 - 0x000007fcdf741000 	C:\WINDOWS\system32\dwmapi.dll
0x000000005d3f0000 - 0x000000005d3fd000 	C:\WINDOWS\WinSxS\amd64_microsoft.vc90.mfcloc_1fc8b3b9a1e18e3b_9.0.30729.6161_none_01c9581e60cbee58\MFC90ENU.DLL
0x000007fce15f0000 - 0x000007fce1605000 	C:\WINDOWS\SYSTEM32\profapi.dll
0x00000000059f0000 - 0x00000000059ff000 	C:\Program Files\MATLAB\R2012b\bin\win64\xmlxrcsc.dll
0x000007fce1430000 - 0x000007fce143a000 	C:\WINDOWS\SYSTEM32\CRYPTBASE.dll
0x000007fce13d0000 - 0x000007fce142c000 	C:\WINDOWS\SYSTEM32\bcryptPrimitives.dll
0x000007fce44c0000 - 0x000007fce4690000 	C:\WINDOWS\system32\SETUPAPI.dll
0x000007fce1900000 - 0x000007fce194f000 	C:\WINDOWS\system32\CFGMGR32.dll
0x000007fce1a50000 - 0x000007fce1a72000 	C:\WINDOWS\system32\DEVOBJ.dll
0x000007fce3c20000 - 0x000007fce3cb6000 	C:\WINDOWS\SYSTEM32\clbcatq.dll
0x000007fcdbe60000 - 0x000007fcdbfba000 	C:\WINDOWS\system32\propsys.dll
0x0000000078870000 - 0x0000000078ecd000 	C:\Program Files\MATLAB\R2012b\sys\java\jre\win64\jre\bin\server\jvm.dll

VM Arguments:
jvm_args: -Xss512k -XX:PermSize=32m -Xms64m -XX:NewRatio=3 -XX:MaxPermSize=128m -Xmx196m -XX:MaxDirectMemorySize=2147400000 -Dsun.java2d.noddraw=true -Dsun.awt.nopixfmt=true -Xshare:off -Xrs -Dsun.awt.disableMixing=true -Djava.library.path=C:\Program Files\MATLAB\R2012b\bin\win64;C:\Program Files\MATLAB\R2012b\sys\jxbrowser\win64\lib vfprintf abort 
java_command: <unknown>
Launcher Type: generic

Environment Variables:
CLASSPATH=.;C:\Program Files (x86)\Java\jre7\lib\ext\QTJava.zip
PATH=C:\PROGRAM FILES (X86)\HASKELL\BIN;C:\PROGRAM FILES (X86)\HASKELL PLATFORM\2012.4.0.0\LIB\EXTRALIBS\BIN;C:\PROGRAM FILES (X86)\HASKELL PLATFORM\2012.4.0.0\BIN;C:\PROGRAM FILES (X86)\INTEL\ICLS CLIENT\;C:\PROGRAM FILES\INTEL\ICLS CLIENT\;C:\WINDOWS\SYSTEM32;C:\WINDOWS;C:\WINDOWS\SYSTEM32\WBEM;C:\WINDOWS\SYSTEM32\WINDOWSPOWERSHELL\V1.0\;C:\PROGRAM FILES\INTEL\WIFI\BIN\;C:\PROGRAM FILES\COMMON FILES\INTEL\WIRELESSCOMMON\;C:\PROGRAM FILES\INTEL\INTEL(R) MANAGEMENT ENGINE COMPONENTS\DAL;C:\PROGRAM FILES\INTEL\INTEL(R) MANAGEMENT ENGINE COMPONENTS\IPT;C:\PROGRAM FILES (X86)\INTEL\INTEL(R) MANAGEMENT ENGINE COMPONENTS\DAL;C:\PROGRAM FILES (X86)\INTEL\INTEL(R) MANAGEMENT ENGINE COMPONENTS\IPT;C:\PROGRAM FILES (X86)\INTEL\OPENCL SDK\2.0\BIN\X86;C:\PROGRAM FILES (X86)\INTEL\OPENCL SDK\2.0\BIN\X64;C:\PROGRAM FILES (X86)\MIKTEX 2.9\MIKTEX\BIN\;C:\PROGRAM FILES (X86)\HASKELL PLATFORM\2012.4.0.0\MINGW\BIN;C:\WINDOWS\system32;C:\WINDOWS;C:\WINDOWS\System32\Wbem;C:\WINDOWS\System32\WindowsPowerShell\v1.0\;C:\Program Files\Lenovo\Bluetooth Software\;C:\Program Files\Lenovo\Bluetooth Software\syswow64;C:\Program Files\MATLAB\R2012b\runtime\win64;C:\Program Files\MATLAB\R2012b\bin;C:\Program Files (x86)\QuickTime\QTSystem\;C:\Users\gandhe\AppData\Roaming\cabal\bin;C:\Program Files\Intel\WiFi\bin\;C:\Program Files\Common Files\Intel\WirelessCommon\;C:\cygwin\bin;C:\MinGW\bin;
USERNAME=gandhe
OS=Windows_NT
PROCESSOR_IDENTIFIER=Intel64 Family 6 Model 58 Stepping 9, GenuineIntel



---------------  S Y S T E M  ---------------

OS: Windows NT 6.2 Build 9200 

CPU:total 8 (8 cores per cpu, 2 threads per core) family 6 model 58 stepping 9, cmov, cx8, fxsr, mmx, sse, sse2, sse3, ssse3, sse4.1, sse4.2, ht

Memory: 4k page, physical 8248708k(3716468k free), swap 29764712k(22551700k free)

vm_info: Java HotSpot(TM) 64-Bit Server VM (14.3-b01) for windows-amd64 JRE (1.6.0_17-b04), built on Oct 11 2009 00:46:08 by "java_re" with MS VC++ 8.0

time: Sun May 05 12:31:11 2013
elapsed time: 48948 seconds

